<?xml version="1.0" encoding="UTF-8"?>
<!-- Generated by org.testng.reporters.JUnitReportReporter -->
<testsuite hostname="DESKTOP-2A6JV2R" name="classTest.annotationTest" tests="3" failures="0" timestamp="4 Jun 2017 16:12:10 GMT" time="0.023" errors="0">
  <testcase name="changePassword" time="0.009" classname="classTest.annotationTest"/>
  <testcase name="logOutTest" time="0.003" classname="classTest.annotationTest"/>
  <testcase name="logInTest" time="0.011" classname="classTest.annotationTest"/>
</testsuite> <!-- classTest.annotationTest -->
