<?xml version="1.0" encoding="UTF-8"?>
<!-- Generated by org.testng.reporters.JUnitReportReporter -->
<testsuite hostname="DESKTOP-2A6JV2R" name="classTest.dynamicPath" tests="1" failures="0" timestamp="11 Jun 2017 14:53:01 GMT" time="0.012" errors="0">
  <testcase name="dyanamicPathTest" time="0.012" classname="classTest.dynamicPath"/>
</testsuite> <!-- classTest.dynamicPath -->
