<?xml version="1.0" encoding="UTF-8"?>
<!-- Generated by org.testng.reporters.JUnitReportReporter -->
<testsuite hostname="DESKTOP-2A6JV2R" name="classTest.fbSignupTEST" tests="2" failures="0" timestamp="11 Jun 2017 14:48:45 GMT" time="0.016" errors="0">
  <testcase name="fbLogin" time="0.010" classname="classTest.fbSignupTEST"/>
  <testcase name="fbSignout" time="0.006" classname="classTest.fbSignupTEST"/>
</testsuite> <!-- classTest.fbSignupTEST -->
