<?xml version="1.0" encoding="UTF-8"?>
<!-- Generated by org.testng.reporters.JUnitReportReporter -->
<testsuite hostname="DESKTOP-2A6JV2R" name="facebookSignupTest.fbSignupTEST" tests="2" failures="0" timestamp="28 May 2017 17:05:59 GMT" time="0.023" errors="0">
  <testcase name="fbFotterLinks" time="0.022" classname="facebookSignupTest.fbSignupTEST"/>
  <testcase name="fbSignup" time="0.001" classname="facebookSignupTest.fbSignupTEST"/>
</testsuite> <!-- facebookSignupTest.fbSignupTEST -->
